Using pre-set license

 COMMAND LINE ARGUMENTS:
/Applications/Unity/2020.3.2f1/Unity.app/Contents/MacOS/Unity
-adb2
-batchMode
-noUpm
-name
AssetImportWorker0
-projectPath
/Users/xandergusarov/Documents/GitHub/UnityDateApp/UnityDateApp
-logFile
Logs/AssetImportWorker0.log
-srvPort
61644
Successfully changed project path to: /Users/xandergusarov/Documents/GitHub/UnityDateApp/UnityDateApp
/Users/xandergusarov/Documents/GitHub/UnityDateApp/UnityDateApp
Using Asset Import Pipeline V2.
Refreshing native plugins compatible for Editor in 33.02 ms, found 2 plugins.
Preloading 0 native plugins for Editor in 0.00 ms.
Initialize engine version: 2020.3.2f1 (8fd9074bf66c)
[Subsystems] Discovering subsystems at path /Applications/Unity/2020.3.2f1/Unity.app/Contents/Resources/UnitySubsystems
[Subsystems] Discovering subsystems at path /Users/xandergusarov/Documents/GitHub/UnityDateApp/UnityDateApp/Assets
GfxDevice: creating device client; threaded=0
2021-11-14 08:32:19.760 Unity[6515:217241] (null) preferred device: Apple M1 (high power)
2021-11-14 08:32:19.760 Unity[6515:217241] Metal devices available: 1
2021-11-14 08:32:19.760 Unity[6515:217241] 0: Apple M1 (high power)
2021-11-14 08:32:19.760 Unity[6515:217241] Forcing user selected device: Apple M1 (high power)
Initializing Metal device caps: Apple M1
Initialize mono
Mono path[0] = '/Applications/Unity/2020.3.2f1/Unity.app/Contents/Managed'
Mono path[1] = '/Applications/Unity/2020.3.2f1/Unity.app/Contents/MonoBleedingEdge/lib/mono/unityjit'
Mono config path = '/Applications/Unity/2020.3.2f1/Unity.app/Contents/MonoBleedingEdge/etc'
Using monoOptions --debugger-agent=transport=dt_socket,embedding=1,server=y,suspend=n,address=127.0.0.1:56515
Begin MonoManager ReloadAssembly
Registering precompiled unity dll's ...
Register platform support module: /Applications/Unity/2020.3.2f1/PlaybackEngines/WebGLSupport/UnityEditor.WebGL.Extensions.dll
Register platform support module: /Applications/Unity/2020.3.2f1/Unity.app/Contents/PlaybackEngines/MacStandaloneSupport/UnityEditor.OSXStandalone.Extensions.dll
Register platform support module: /Applications/Unity/2020.3.2f1/PlaybackEngines/WindowsStandaloneSupport/UnityEditor.WindowsStandalone.Extensions.dll
Registered in 0.000592 seconds.
Native extension for WindowsStandalone target not found
Native extension for OSXStandalone target not found
Native extension for WebGL target not found
Refreshing native plugins compatible for Editor in 33.82 ms, found 2 plugins.
Preloading 0 native plugins for Editor in 0.00 ms.
Invoked RoslynAnalysisRunner static constructor.
RoslynAnalysisRunner will not be running.
RoslynAnalysisRunner has terminated.
Mono: successfully reloaded assembly
- Completed reload, in  3.334 seconds
Platform modules already initialized, skipping
Registering precompiled user dll's ...
Registered in 0.000304 seconds.
Begin MonoManager ReloadAssembly
Native extension for WindowsStandalone target not found
Native extension for OSXStandalone target not found
Native extension for WebGL target not found
Refreshing native plugins compatible for Editor in 33.08 ms, found 2 plugins.
Preloading 0 native plugins for Editor in 0.00 ms.
Invoked RoslynAnalysisRunner static constructor.
RoslynAnalysisRunner will not be running.
RoslynAnalysisRunner has terminated.
Mono: successfully reloaded assembly
- Completed reload, in  1.730 seconds
Platform modules already initialized, skipping
========================================================================
Worker process is ready to serve import requests
Launching external process: /Applications/Unity/2020.3.2f1/Unity.app/Contents/Tools/UnityShaderCompiler
Launched and connected shader compiler UnityShaderCompiler after 0.02 seconds
Refreshing native plugins compatible for Editor in 0.29 ms, found 2 plugins.
Preloading 0 native plugins for Editor in 0.00 ms.
Unloading 1809 Unused Serialized files (Serialized files now loaded: 0)
System memory in use before: 150.7 MB.
System memory in use after: 150.7 MB.

Unloading 24 unused Assets to reduce memory usage. Loaded Objects now: 2250.
Total: 1.696917 ms (FindLiveObjects: 0.170916 ms CreateObjectMapping: 0.036917 ms MarkObjects: 1.352833 ms  DeleteObjects: 0.135375 ms)

========================================================================
Received Import Request.
  path: Assets/Mocks/photo_2021-11-09 17.53.32.jpeg
  artifactKey: Guid(1383193648d82466094f4feb8d3d4caa) Importer(815301076,1909f56bfc062723c751e8b465ee728b)
Start importing Assets/Mocks/photo_2021-11-09 17.53.32.jpeg using Guid(1383193648d82466094f4feb8d3d4caa) Importer(815301076,1909f56bfc062723c751e8b465ee728b)  -> (artifact id: 'bff4bdfd4f77555ff61f351bf0512ec6') in 0.758595 seconds
  Import took 0.761583 seconds .

========================================================================
Received Import Request.
  Time since last request: 0.000262 seconds.
  path: Assets/Mocks/photo_2021-11-09 17.53.31.jpeg
  artifactKey: Guid(25cc9cfa5a06246fb9fd210b8ab40ca2) Importer(815301076,1909f56bfc062723c751e8b465ee728b)
Start importing Assets/Mocks/photo_2021-11-09 17.53.31.jpeg using Guid(25cc9cfa5a06246fb9fd210b8ab40ca2) Importer(815301076,1909f56bfc062723c751e8b465ee728b)  -> (artifact id: '31675c56236340e6d9b92cb160c2c448') in 0.015701 seconds
  Import took 0.017797 seconds .

========================================================================
Received Import Request.
  Time since last request: 70.164223 seconds.
  path: Assets/Mocks/1.jpeg
  artifactKey: Guid(00ecf0db47a98498fbc0541d6557ef99) Importer(815301076,1909f56bfc062723c751e8b465ee728b)
Start importing Assets/Mocks/1.jpeg using Guid(00ecf0db47a98498fbc0541d6557ef99) Importer(815301076,1909f56bfc062723c751e8b465ee728b)  -> (artifact id: 'ef370044c96a2deccb9d5f559f59c92e') in 0.012898 seconds
  Import took 0.015416 seconds .

========================================================================
Received Import Request.
  Time since last request: 0.000307 seconds.
  path: Assets/Mocks/4.jpeg
  artifactKey: Guid(e41e04b6613794905a97cfcee64d9ef7) Importer(815301076,1909f56bfc062723c751e8b465ee728b)
Start importing Assets/Mocks/4.jpeg using Guid(e41e04b6613794905a97cfcee64d9ef7) Importer(815301076,1909f56bfc062723c751e8b465ee728b)  -> (artifact id: 'e03d5164728c19311106bf149a070db1') in 0.013152 seconds
  Import took 0.015364 seconds .

========================================================================
Received Import Request.
  Time since last request: 0.000300 seconds.
  path: Assets/Mocks/5.jpeg
  artifactKey: Guid(0d50b06d6c8dd443992a56f30f1e51e9) Importer(815301076,1909f56bfc062723c751e8b465ee728b)
Start importing Assets/Mocks/5.jpeg using Guid(0d50b06d6c8dd443992a56f30f1e51e9) Importer(815301076,1909f56bfc062723c751e8b465ee728b)  -> (artifact id: 'd94904d25e926605ba70c67aa443de4b') in 0.010695 seconds
  Import took 0.013128 seconds .

========================================================================
Received Import Request.
  Time since last request: 0.000327 seconds.
  path: Assets/Mocks/unused1.jpeg
  artifactKey: Guid(db41ef43089af43ea969d8e7195f084f) Importer(815301076,1909f56bfc062723c751e8b465ee728b)
Start importing Assets/Mocks/unused1.jpeg using Guid(db41ef43089af43ea969d8e7195f084f) Importer(815301076,1909f56bfc062723c751e8b465ee728b)  -> (artifact id: '9c3897ba67182cb5eca85ec85dae6269') in 0.010116 seconds
  Import took 0.012325 seconds .

========================================================================
Received Import Request.
  Time since last request: 0.000291 seconds.
  path: Assets/Mocks/2.jpeg
  artifactKey: Guid(68694dc02ad6c486c89986c217662ce5) Importer(815301076,1909f56bfc062723c751e8b465ee728b)
Start importing Assets/Mocks/2.jpeg using Guid(68694dc02ad6c486c89986c217662ce5) Importer(815301076,1909f56bfc062723c751e8b465ee728b)  -> (artifact id: '78c6015ada9036e3eaf6564449f5640c') in 0.010646 seconds
  Import took 0.012741 seconds .

========================================================================
Received Import Request.
  Time since last request: 0.000327 seconds.
  path: Assets/Mocks/6.jpeg
  artifactKey: Guid(d1b8b6d89e2f04223af0b061d03da07f) Importer(815301076,1909f56bfc062723c751e8b465ee728b)
Start importing Assets/Mocks/6.jpeg using Guid(d1b8b6d89e2f04223af0b061d03da07f) Importer(815301076,1909f56bfc062723c751e8b465ee728b)  -> (artifact id: 'dbf0cd649262cee33c2c45483abfebad') in 0.010475 seconds
  Import took 0.012458 seconds .

========================================================================
Received Import Request.
  Time since last request: 0.000331 seconds.
  path: Assets/Mocks/3.jpeg
  artifactKey: Guid(4544a859745cf451a9181a0e6550839d) Importer(815301076,1909f56bfc062723c751e8b465ee728b)
Start importing Assets/Mocks/3.jpeg using Guid(4544a859745cf451a9181a0e6550839d) Importer(815301076,1909f56bfc062723c751e8b465ee728b)  -> (artifact id: 'fd64b5421a382036bd53e9db55f30baa') in 0.010419 seconds
  Import took 0.012611 seconds .

========================================================================
Received Import Request.
  Time since last request: 0.018766 seconds.
  path: Assets/Mocks/3.jpeg
  artifactKey: Guid(4544a859745cf451a9181a0e6550839d) Importer(815301076,1909f56bfc062723c751e8b465ee728b)
Start importing Assets/Mocks/3.jpeg using Guid(4544a859745cf451a9181a0e6550839d) Importer(815301076,1909f56bfc062723c751e8b465ee728b)  -> (artifact id: 'fd64b5421a382036bd53e9db55f30baa') in 0.011086 seconds
  Import took 0.014129 seconds .

========================================================================
Received Prepare
Registering precompiled user dll's ...
Registered in 0.000785 seconds.
Begin MonoManager ReloadAssembly
Native extension for WindowsStandalone target not found
Native extension for OSXStandalone target not found
Native extension for WebGL target not found
Refreshing native plugins compatible for Editor in 0.31 ms, found 2 plugins.
Preloading 0 native plugins for Editor in 0.00 ms.
Invoked RoslynAnalysisRunner static constructor.
RoslynAnalysisRunner will not be running.
RoslynAnalysisRunner has terminated.
Mono: successfully reloaded assembly
- Completed reload, in  1.740 seconds
Platform modules already initialized, skipping
Switching build target platform(2) subTarget(0) extendedPlatform(0) -> platform(13) subTarget(537395200) extendedPlatform(0)
Refreshing native plugins compatible for Editor in 0.34 ms, found 2 plugins.
Preloading 0 native plugins for Editor in 0.00 ms.
Unloading 1807 Unused Serialized files (Serialized files now loaded: 0)
System memory in use before: 158.7 MB.
System memory in use after: 158.7 MB.

Unloading 12 unused Assets to reduce memory usage. Loaded Objects now: 2260.
Total: 1.350959 ms (FindLiveObjects: 0.117334 ms CreateObjectMapping: 0.035083 ms MarkObjects: 1.112667 ms  DeleteObjects: 0.084875 ms)

AssetImportParameters requested are different than current active one (requested -> active):
  custom:graphics/normal-map-encoding: 01000000000000000000000000000000 -> 02000000000000000000000000000000
