Using pre-set license

 COMMAND LINE ARGUMENTS:
/Applications/Unity/2020.3.2f1/Unity.app/Contents/MacOS/Unity
-adb2
-batchMode
-noUpm
-name
AssetImportWorker0
-projectPath
/Users/xandergusarov/Documents/GitHub/UnityDateApp/UnityDateApp
-logFile
Logs/AssetImportWorker0.log
-srvPort
51268
Successfully changed project path to: /Users/xandergusarov/Documents/GitHub/UnityDateApp/UnityDateApp
/Users/xandergusarov/Documents/GitHub/UnityDateApp/UnityDateApp
Using Asset Import Pipeline V2.
Refreshing native plugins compatible for Editor in 31.70 ms, found 2 plugins.
Preloading 0 native plugins for Editor in 0.00 ms.
Initialize engine version: 2020.3.2f1 (8fd9074bf66c)
[Subsystems] Discovering subsystems at path /Applications/Unity/2020.3.2f1/Unity.app/Contents/Resources/UnitySubsystems
[Subsystems] Discovering subsystems at path /Users/xandergusarov/Documents/GitHub/UnityDateApp/UnityDateApp/Assets
GfxDevice: creating device client; threaded=0
2021-11-20 12:14:28.232 Unity[5043:346120] (null) preferred device: Apple M1 (high power)
2021-11-20 12:14:28.232 Unity[5043:346120] Metal devices available: 1
2021-11-20 12:14:28.232 Unity[5043:346120] 0: Apple M1 (high power)
2021-11-20 12:14:28.232 Unity[5043:346120] Forcing user selected device: Apple M1 (high power)
Initializing Metal device caps: Apple M1
Initialize mono
Mono path[0] = '/Applications/Unity/2020.3.2f1/Unity.app/Contents/Managed'
Mono path[1] = '/Applications/Unity/2020.3.2f1/Unity.app/Contents/MonoBleedingEdge/lib/mono/unityjit'
Mono config path = '/Applications/Unity/2020.3.2f1/Unity.app/Contents/MonoBleedingEdge/etc'
Using monoOptions --debugger-agent=transport=dt_socket,embedding=1,server=y,suspend=n,address=127.0.0.1:56043
Begin MonoManager ReloadAssembly
Registering precompiled unity dll's ...
Register platform support module: /Applications/Unity/2020.3.2f1/PlaybackEngines/WebGLSupport/UnityEditor.WebGL.Extensions.dll
Register platform support module: /Applications/Unity/2020.3.2f1/Unity.app/Contents/PlaybackEngines/MacStandaloneSupport/UnityEditor.OSXStandalone.Extensions.dll
Register platform support module: /Applications/Unity/2020.3.2f1/PlaybackEngines/WindowsStandaloneSupport/UnityEditor.WindowsStandalone.Extensions.dll
Registered in 0.000579 seconds.
Native extension for WindowsStandalone target not found
Native extension for OSXStandalone target not found
Native extension for WebGL target not found
Refreshing native plugins compatible for Editor in 35.59 ms, found 2 plugins.
Preloading 0 native plugins for Editor in 0.00 ms.
Invoked RoslynAnalysisRunner static constructor.
RoslynAnalysisRunner will not be running.
RoslynAnalysisRunner has terminated.
Mono: successfully reloaded assembly
- Completed reload, in  3.360 seconds
Platform modules already initialized, skipping
Registering precompiled user dll's ...
Registered in 0.000341 seconds.
Begin MonoManager ReloadAssembly
Native extension for WindowsStandalone target not found
Native extension for OSXStandalone target not found
Native extension for WebGL target not found
Refreshing native plugins compatible for Editor in 33.09 ms, found 2 plugins.
Preloading 0 native plugins for Editor in 0.00 ms.
Invoked RoslynAnalysisRunner static constructor.
RoslynAnalysisRunner will not be running.
RoslynAnalysisRunner has terminated.
Mono: successfully reloaded assembly
- Completed reload, in  1.751 seconds
Platform modules already initialized, skipping
========================================================================
Worker process is ready to serve import requests
Launching external process: /Applications/Unity/2020.3.2f1/Unity.app/Contents/Tools/UnityShaderCompiler
Launched and connected shader compiler UnityShaderCompiler after 0.02 seconds
Refreshing native plugins compatible for Editor in 0.28 ms, found 2 plugins.
Preloading 0 native plugins for Editor in 0.00 ms.
Unloading 1811 Unused Serialized files (Serialized files now loaded: 0)
System memory in use before: 150.7 MB.
System memory in use after: 150.6 MB.

Unloading 24 unused Assets to reduce memory usage. Loaded Objects now: 2253.
Total: 1.647291 ms (FindLiveObjects: 0.223292 ms CreateObjectMapping: 0.037959 ms MarkObjects: 1.263666 ms  DeleteObjects: 0.121333 ms)

========================================================================
Received Import Request.
  path: Assets/Animations/Card.controller
  artifactKey: Guid(18e78567a98024a7d8a158a854dea9d9) Importer(815301076,1909f56bfc062723c751e8b465ee728b)
Start importing Assets/Animations/Card.controller using Guid(18e78567a98024a7d8a158a854dea9d9) Importer(815301076,1909f56bfc062723c751e8b465ee728b)  -> (artifact id: '614c8ef3354dc464d1f4f4117f2b5ee7') in 0.559679 seconds
  Import took 0.562873 seconds .

========================================================================
Received Prepare
Registering precompiled user dll's ...
Registered in 0.000695 seconds.
Begin MonoManager ReloadAssembly
Native extension for WindowsStandalone target not found
Native extension for OSXStandalone target not found
Native extension for WebGL target not found
Refreshing native plugins compatible for Editor in 0.30 ms, found 2 plugins.
Preloading 0 native plugins for Editor in 0.00 ms.
Invoked RoslynAnalysisRunner static constructor.
RoslynAnalysisRunner will not be running.
RoslynAnalysisRunner has terminated.
Mono: successfully reloaded assembly
- Completed reload, in  1.671 seconds
Platform modules already initialized, skipping
Switching build target platform(2) subTarget(0) extendedPlatform(0) -> platform(13) subTarget(537395200) extendedPlatform(0)
Refreshing native plugins compatible for Editor in 0.29 ms, found 2 plugins.
Preloading 0 native plugins for Editor in 0.00 ms.
Unloading 1810 Unused Serialized files (Serialized files now loaded: 0)
System memory in use before: 155.1 MB.
System memory in use after: 155.1 MB.

Unloading 12 unused Assets to reduce memory usage. Loaded Objects now: 2258.
Total: 1.392125 ms (FindLiveObjects: 0.135083 ms CreateObjectMapping: 0.034958 ms MarkObjects: 1.130875 ms  DeleteObjects: 0.090333 ms)

AssetImportParameters requested are different than current active one (requested -> active):
  custom:graphics/normal-map-encoding: 01000000000000000000000000000000 -> 02000000000000000000000000000000
========================================================================
Received Import Request.
  Time since last request: 738.931108 seconds.
  path: Assets/Animations/RightSwipe.anim
  artifactKey: Guid(20cb173ce91a04fbdb0074b26ef49a98) Importer(815301076,1909f56bfc062723c751e8b465ee728b)
Start importing Assets/Animations/RightSwipe.anim using Guid(20cb173ce91a04fbdb0074b26ef49a98) Importer(815301076,1909f56bfc062723c751e8b465ee728b)  -> (artifact id: 'fadf4f87d467c6948c10b06bb98de745') in 0.203632 seconds
  Import took 0.207868 seconds .

========================================================================
Received Import Request.
  Time since last request: 5.091796 seconds.
  path: Assets/Animations/LeftSwipe.anim
  artifactKey: Guid(b406b156a990e4b869420e120eb35618) Importer(815301076,1909f56bfc062723c751e8b465ee728b)
Start importing Assets/Animations/LeftSwipe.anim using Guid(b406b156a990e4b869420e120eb35618) Importer(815301076,1909f56bfc062723c751e8b465ee728b)  -> (artifact id: '98f051806cc7c9abd9f6e846223eb177') in 0.004625 seconds
  Import took 0.008687 seconds .

========================================================================
Received Import Request.
  Time since last request: 1.069701 seconds.
  path: Assets/Animations/Appearance.anim
  artifactKey: Guid(ceb22a18ca89d421a93fe5ea06cf6481) Importer(815301076,1909f56bfc062723c751e8b465ee728b)
Start importing Assets/Animations/Appearance.anim using Guid(ceb22a18ca89d421a93fe5ea06cf6481) Importer(815301076,1909f56bfc062723c751e8b465ee728b)  -> (artifact id: '797354aab15892233ba1cbef44311897') in 0.003066 seconds
  Import took 0.007277 seconds .

========================================================================
Received Prepare
Registering precompiled user dll's ...
Registered in 0.000587 seconds.
Begin MonoManager ReloadAssembly
Native extension for WindowsStandalone target not found
Native extension for OSXStandalone target not found
Native extension for WebGL target not found
Refreshing native plugins compatible for Editor in 0.32 ms, found 2 plugins.
Preloading 0 native plugins for Editor in 0.00 ms.
Invoked RoslynAnalysisRunner static constructor.
RoslynAnalysisRunner will not be running.
RoslynAnalysisRunner has terminated.
Mono: successfully reloaded assembly
- Completed reload, in  1.652 seconds
Platform modules already initialized, skipping
Switching build target platform(2) subTarget(0) extendedPlatform(0) -> platform(13) subTarget(537395200) extendedPlatform(0)
Refreshing native plugins compatible for Editor in 0.20 ms, found 2 plugins.
Preloading 0 native plugins for Editor in 0.00 ms.
Unloading 1810 Unused Serialized files (Serialized files now loaded: 0)
System memory in use before: 159.6 MB.
System memory in use after: 159.5 MB.

Unloading 12 unused Assets to reduce memory usage. Loaded Objects now: 2262.
Total: 1.357791 ms (FindLiveObjects: 0.143250 ms CreateObjectMapping: 0.034500 ms MarkObjects: 1.090041 ms  DeleteObjects: 0.089042 ms)

AssetImportParameters requested are different than current active one (requested -> active):
  custom:graphics/normal-map-encoding: 01000000000000000000000000000000 -> 02000000000000000000000000000000
========================================================================
Received Prepare
Registering precompiled user dll's ...
Registered in 0.000694 seconds.
Begin MonoManager ReloadAssembly
Native extension for WindowsStandalone target not found
Native extension for OSXStandalone target not found
Native extension for WebGL target not found
Refreshing native plugins compatible for Editor in 0.35 ms, found 2 plugins.
Preloading 0 native plugins for Editor in 0.00 ms.
Invoked RoslynAnalysisRunner static constructor.
RoslynAnalysisRunner will not be running.
RoslynAnalysisRunner has terminated.
Mono: successfully reloaded assembly
- Completed reload, in  1.689 seconds
Platform modules already initialized, skipping
Switching build target platform(2) subTarget(0) extendedPlatform(0) -> platform(13) subTarget(537395200) extendedPlatform(0)
Refreshing native plugins compatible for Editor in 0.29 ms, found 2 plugins.
Preloading 0 native plugins for Editor in 0.00 ms.
Unloading 1810 Unused Serialized files (Serialized files now loaded: 0)
System memory in use before: 159.8 MB.
System memory in use after: 159.8 MB.

Unloading 12 unused Assets to reduce memory usage. Loaded Objects now: 2266.
Total: 1.410917 ms (FindLiveObjects: 0.130750 ms CreateObjectMapping: 0.036083 ms MarkObjects: 1.143292 ms  DeleteObjects: 0.099875 ms)

AssetImportParameters requested are different than current active one (requested -> active):
  custom:graphics/normal-map-encoding: 01000000000000000000000000000000 -> 02000000000000000000000000000000
========================================================================
Received Import Request.
  Time since last request: 423.117828 seconds.
  path: Assets/Animations/Appearance.anim
  artifactKey: Guid(ceb22a18ca89d421a93fe5ea06cf6481) Importer(815301076,1909f56bfc062723c751e8b465ee728b)
Start importing Assets/Animations/Appearance.anim using Guid(ceb22a18ca89d421a93fe5ea06cf6481) Importer(815301076,1909f56bfc062723c751e8b465ee728b)  -> (artifact id: '29e7ebfb84e0b03e9a36a3a4796d25b1') in 0.016529 seconds
  Import took 0.019276 seconds .

========================================================================
Received Import Request.
  Time since last request: 0.027520 seconds.
  path: Assets/Animations/Appearance.anim
  artifactKey: Guid(ceb22a18ca89d421a93fe5ea06cf6481) Importer(815301076,1909f56bfc062723c751e8b465ee728b)
Start importing Assets/Animations/Appearance.anim using Guid(ceb22a18ca89d421a93fe5ea06cf6481) Importer(815301076,1909f56bfc062723c751e8b465ee728b)  -> (artifact id: '29e7ebfb84e0b03e9a36a3a4796d25b1') in 0.001893 seconds
  Import took 0.004590 seconds .

========================================================================
Received Prepare
Registering precompiled user dll's ...
Registered in 0.000575 seconds.
Begin MonoManager ReloadAssembly
Native extension for WindowsStandalone target not found
Native extension for OSXStandalone target not found
Native extension for WebGL target not found
Refreshing native plugins compatible for Editor in 0.29 ms, found 2 plugins.
Preloading 0 native plugins for Editor in 0.00 ms.
Invoked RoslynAnalysisRunner static constructor.
RoslynAnalysisRunner will not be running.
RoslynAnalysisRunner has terminated.
Mono: successfully reloaded assembly
- Completed reload, in  1.638 seconds
Platform modules already initialized, skipping
Switching build target platform(2) subTarget(0) extendedPlatform(0) -> platform(13) subTarget(537395200) extendedPlatform(0)
Refreshing native plugins compatible for Editor in 0.23 ms, found 2 plugins.
Preloading 0 native plugins for Editor in 0.00 ms.
Unloading 1810 Unused Serialized files (Serialized files now loaded: 0)
System memory in use before: 160.0 MB.
System memory in use after: 160.0 MB.

Unloading 12 unused Assets to reduce memory usage. Loaded Objects now: 2270.
Total: 1.380625 ms (FindLiveObjects: 0.118416 ms CreateObjectMapping: 0.035125 ms MarkObjects: 1.124875 ms  DeleteObjects: 0.101083 ms)

AssetImportParameters requested are different than current active one (requested -> active):
  custom:graphics/normal-map-encoding: 01000000000000000000000000000000 -> 02000000000000000000000000000000
========================================================================
Received Prepare
Registering precompiled user dll's ...
Registered in 0.000371 seconds.
Begin MonoManager ReloadAssembly
Native extension for WindowsStandalone target not found
Native extension for OSXStandalone target not found
Native extension for WebGL target not found
Refreshing native plugins compatible for Editor in 0.31 ms, found 2 plugins.
Preloading 0 native plugins for Editor in 0.00 ms.
Invoked RoslynAnalysisRunner static constructor.
RoslynAnalysisRunner will not be running.
RoslynAnalysisRunner has terminated.
Mono: successfully reloaded assembly
- Completed reload, in  1.628 seconds
Platform modules already initialized, skipping
Switching build target platform(2) subTarget(0) extendedPlatform(0) -> platform(13) subTarget(537395200) extendedPlatform(0)
Refreshing native plugins compatible for Editor in 0.26 ms, found 2 plugins.
Preloading 0 native plugins for Editor in 0.00 ms.
Unloading 1810 Unused Serialized files (Serialized files now loaded: 0)
System memory in use before: 160.2 MB.
System memory in use after: 160.2 MB.

Unloading 12 unused Assets to reduce memory usage. Loaded Objects now: 2274.
Total: 1.394584 ms (FindLiveObjects: 0.132084 ms CreateObjectMapping: 0.036083 ms MarkObjects: 1.129625 ms  DeleteObjects: 0.096000 ms)

AssetImportParameters requested are different than current active one (requested -> active):
  custom:graphics/normal-map-encoding: 01000000000000000000000000000000 -> 02000000000000000000000000000000
========================================================================
Received Prepare
Registering precompiled user dll's ...
Registered in 0.000661 seconds.
Begin MonoManager ReloadAssembly
Native extension for WindowsStandalone target not found
Native extension for OSXStandalone target not found
Native extension for WebGL target not found
Refreshing native plugins compatible for Editor in 0.30 ms, found 2 plugins.
Preloading 0 native plugins for Editor in 0.00 ms.
Invoked RoslynAnalysisRunner static constructor.
RoslynAnalysisRunner will not be running.
RoslynAnalysisRunner has terminated.
Mono: successfully reloaded assembly
- Completed reload, in  1.662 seconds
Platform modules already initialized, skipping
Switching build target platform(2) subTarget(0) extendedPlatform(0) -> platform(13) subTarget(537395200) extendedPlatform(0)
Refreshing native plugins compatible for Editor in 0.26 ms, found 2 plugins.
Preloading 0 native plugins for Editor in 0.00 ms.
Unloading 1810 Unused Serialized files (Serialized files now loaded: 0)
System memory in use before: 160.4 MB.
System memory in use after: 160.4 MB.

Unloading 12 unused Assets to reduce memory usage. Loaded Objects now: 2278.
Total: 1.408208 ms (FindLiveObjects: 0.130833 ms CreateObjectMapping: 0.036333 ms MarkObjects: 1.144208 ms  DeleteObjects: 0.095750 ms)

AssetImportParameters requested are different than current active one (requested -> active):
  custom:graphics/normal-map-encoding: 01000000000000000000000000000000 -> 02000000000000000000000000000000
========================================================================
Received Prepare
Registering precompiled user dll's ...
Registered in 0.000917 seconds.
Begin MonoManager ReloadAssembly
Native extension for WindowsStandalone target not found
Native extension for OSXStandalone target not found
Native extension for WebGL target not found
Refreshing native plugins compatible for Editor in 0.29 ms, found 2 plugins.
Preloading 0 native plugins for Editor in 0.00 ms.
Invoked RoslynAnalysisRunner static constructor.
RoslynAnalysisRunner will not be running.
RoslynAnalysisRunner has terminated.
Mono: successfully reloaded assembly
- Completed reload, in  1.632 seconds
Platform modules already initialized, skipping
Switching build target platform(2) subTarget(0) extendedPlatform(0) -> platform(13) subTarget(537395200) extendedPlatform(0)
Refreshing native plugins compatible for Editor in 0.21 ms, found 2 plugins.
Preloading 0 native plugins for Editor in 0.00 ms.
Unloading 1810 Unused Serialized files (Serialized files now loaded: 0)
System memory in use before: 160.6 MB.
System memory in use after: 160.6 MB.

Unloading 12 unused Assets to reduce memory usage. Loaded Objects now: 2282.
Total: 1.357666 ms (FindLiveObjects: 0.102584 ms CreateObjectMapping: 0.034833 ms MarkObjects: 1.124375 ms  DeleteObjects: 0.095000 ms)

AssetImportParameters requested are different than current active one (requested -> active):
  custom:graphics/normal-map-encoding: 01000000000000000000000000000000 -> 02000000000000000000000000000000
========================================================================
Received Prepare
Registering precompiled user dll's ...
Registered in 0.000420 seconds.
Begin MonoManager ReloadAssembly
Native extension for WindowsStandalone target not found
Native extension for OSXStandalone target not found
Native extension for WebGL target not found
Refreshing native plugins compatible for Editor in 0.31 ms, found 2 plugins.
Preloading 0 native plugins for Editor in 0.00 ms.
Invoked RoslynAnalysisRunner static constructor.
RoslynAnalysisRunner will not be running.
RoslynAnalysisRunner has terminated.
Mono: successfully reloaded assembly
- Completed reload, in  1.670 seconds
Platform modules already initialized, skipping
Switching build target platform(2) subTarget(0) extendedPlatform(0) -> platform(13) subTarget(537395200) extendedPlatform(0)
Refreshing native plugins compatible for Editor in 0.27 ms, found 2 plugins.
Preloading 0 native plugins for Editor in 0.00 ms.
Unloading 1810 Unused Serialized files (Serialized files now loaded: 0)
System memory in use before: 160.8 MB.
System memory in use after: 160.8 MB.

Unloading 12 unused Assets to reduce memory usage. Loaded Objects now: 2286.
Total: 1.373458 ms (FindLiveObjects: 0.124958 ms CreateObjectMapping: 0.035167 ms MarkObjects: 1.117833 ms  DeleteObjects: 0.094500 ms)

AssetImportParameters requested are different than current active one (requested -> active):
  custom:graphics/normal-map-encoding: 01000000000000000000000000000000 -> 02000000000000000000000000000000
========================================================================
Received Import Request.
  Time since last request: 541.834144 seconds.
  path: ProjectSettings/TagManager.asset
  artifactKey: Guid(00000000000000003000000000000000) Importer(815301076,1909f56bfc062723c751e8b465ee728b)
Start importing ProjectSettings/TagManager.asset using Guid(00000000000000003000000000000000) Importer(815301076,1909f56bfc062723c751e8b465ee728b)  -> (artifact id: '5187126b315f9ff4c3edc45da8f2c6de') in 0.105683 seconds
  Import took 0.109237 seconds .

========================================================================
Received Prepare
Registering precompiled user dll's ...
Registered in 0.000574 seconds.
Begin MonoManager ReloadAssembly
Native extension for WindowsStandalone target not found
Native extension for OSXStandalone target not found
Native extension for WebGL target not found
Refreshing native plugins compatible for Editor in 0.33 ms, found 2 plugins.
Preloading 0 native plugins for Editor in 0.00 ms.
Invoked RoslynAnalysisRunner static constructor.
RoslynAnalysisRunner will not be running.
RoslynAnalysisRunner has terminated.
Mono: successfully reloaded assembly
- Completed reload, in  1.668 seconds
Platform modules already initialized, skipping
Switching build target platform(2) subTarget(0) extendedPlatform(0) -> platform(13) subTarget(537395200) extendedPlatform(0)
Refreshing native plugins compatible for Editor in 0.21 ms, found 2 plugins.
Preloading 0 native plugins for Editor in 0.00 ms.
Unloading 1811 Unused Serialized files (Serialized files now loaded: 0)
System memory in use before: 165.2 MB.
System memory in use after: 165.2 MB.

Unloading 13 unused Assets to reduce memory usage. Loaded Objects now: 2291.
Total: 1.369250 ms (FindLiveObjects: 0.101375 ms CreateObjectMapping: 0.035250 ms MarkObjects: 1.133166 ms  DeleteObjects: 0.098666 ms)

AssetImportParameters requested are different than current active one (requested -> active):
  custom:graphics/normal-map-encoding: 01000000000000000000000000000000 -> 02000000000000000000000000000000
========================================================================
Received Prepare
Registering precompiled user dll's ...
Registered in 0.000632 seconds.
Begin MonoManager ReloadAssembly
Native extension for WindowsStandalone target not found
Native extension for OSXStandalone target not found
Native extension for WebGL target not found
Refreshing native plugins compatible for Editor in 0.33 ms, found 2 plugins.
Preloading 0 native plugins for Editor in 0.00 ms.
Invoked RoslynAnalysisRunner static constructor.
RoslynAnalysisRunner will not be running.
RoslynAnalysisRunner has terminated.
Mono: successfully reloaded assembly
- Completed reload, in  1.687 seconds
Platform modules already initialized, skipping
Switching build target platform(2) subTarget(0) extendedPlatform(0) -> platform(13) subTarget(537395200) extendedPlatform(0)
Refreshing native plugins compatible for Editor in 0.28 ms, found 2 plugins.
Preloading 0 native plugins for Editor in 0.00 ms.
Unloading 1811 Unused Serialized files (Serialized files now loaded: 0)
System memory in use before: 165.4 MB.
System memory in use after: 165.3 MB.

Unloading 12 unused Assets to reduce memory usage. Loaded Objects now: 2295.
Total: 1.426791 ms (FindLiveObjects: 0.127084 ms CreateObjectMapping: 0.036166 ms MarkObjects: 1.164500 ms  DeleteObjects: 0.098042 ms)

AssetImportParameters requested are different than current active one (requested -> active):
  custom:graphics/normal-map-encoding: 01000000000000000000000000000000 -> 02000000000000000000000000000000
========================================================================
Received Prepare
Registering precompiled user dll's ...
Registered in 0.000375 seconds.
Begin MonoManager ReloadAssembly
Native extension for WindowsStandalone target not found
Native extension for OSXStandalone target not found
Native extension for WebGL target not found
Refreshing native plugins compatible for Editor in 0.31 ms, found 2 plugins.
Preloading 0 native plugins for Editor in 0.00 ms.
Invoked RoslynAnalysisRunner static constructor.
RoslynAnalysisRunner will not be running.
RoslynAnalysisRunner has terminated.
Mono: successfully reloaded assembly
- Completed reload, in  1.628 seconds
Platform modules already initialized, skipping
Switching build target platform(2) subTarget(0) extendedPlatform(0) -> platform(13) subTarget(537395200) extendedPlatform(0)
Refreshing native plugins compatible for Editor in 0.26 ms, found 2 plugins.
Preloading 0 native plugins for Editor in 0.00 ms.
Unloading 1811 Unused Serialized files (Serialized files now loaded: 0)
System memory in use before: 165.6 MB.
System memory in use after: 165.6 MB.

Unloading 12 unused Assets to reduce memory usage. Loaded Objects now: 2299.
Total: 1.404416 ms (FindLiveObjects: 0.134125 ms CreateObjectMapping: 0.035792 ms MarkObjects: 1.135083 ms  DeleteObjects: 0.098625 ms)

AssetImportParameters requested are different than current active one (requested -> active):
  custom:graphics/normal-map-encoding: 01000000000000000000000000000000 -> 02000000000000000000000000000000
========================================================================
Received Prepare
Registering precompiled user dll's ...
Registered in 0.000814 seconds.
Begin MonoManager ReloadAssembly
Native extension for WindowsStandalone target not found
Native extension for OSXStandalone target not found
Native extension for WebGL target not found
Refreshing native plugins compatible for Editor in 0.30 ms, found 2 plugins.
Preloading 0 native plugins for Editor in 0.00 ms.
Invoked RoslynAnalysisRunner static constructor.
RoslynAnalysisRunner will not be running.
RoslynAnalysisRunner has terminated.
Mono: successfully reloaded assembly
- Completed reload, in  1.624 seconds
Platform modules already initialized, skipping
Switching build target platform(2) subTarget(0) extendedPlatform(0) -> platform(13) subTarget(537395200) extendedPlatform(0)
Refreshing native plugins compatible for Editor in 0.27 ms, found 2 plugins.
Preloading 0 native plugins for Editor in 0.00 ms.
Unloading 1811 Unused Serialized files (Serialized files now loaded: 0)
System memory in use before: 165.8 MB.
System memory in use after: 165.7 MB.

Unloading 12 unused Assets to reduce memory usage. Loaded Objects now: 2303.
Total: 1.394208 ms (FindLiveObjects: 0.123667 ms CreateObjectMapping: 0.035792 ms MarkObjects: 1.136000 ms  DeleteObjects: 0.097791 ms)

AssetImportParameters requested are different than current active one (requested -> active):
  custom:graphics/normal-map-encoding: 01000000000000000000000000000000 -> 02000000000000000000000000000000
========================================================================
Received Prepare
Registering precompiled user dll's ...
Registered in 0.000421 seconds.
Begin MonoManager ReloadAssembly
Native extension for WindowsStandalone target not found
Native extension for OSXStandalone target not found
Native extension for WebGL target not found
Refreshing native plugins compatible for Editor in 0.31 ms, found 2 plugins.
Preloading 0 native plugins for Editor in 0.00 ms.
Invoked RoslynAnalysisRunner static constructor.
RoslynAnalysisRunner will not be running.
RoslynAnalysisRunner has terminated.
Mono: successfully reloaded assembly
- Completed reload, in  1.650 seconds
Platform modules already initialized, skipping
Switching build target platform(2) subTarget(0) extendedPlatform(0) -> platform(13) subTarget(537395200) extendedPlatform(0)
Refreshing native plugins compatible for Editor in 0.29 ms, found 2 plugins.
Preloading 0 native plugins for Editor in 0.00 ms.
Unloading 1811 Unused Serialized files (Serialized files now loaded: 0)
System memory in use before: 166.0 MB.
System memory in use after: 166.0 MB.

Unloading 12 unused Assets to reduce memory usage. Loaded Objects now: 2307.
Total: 1.393500 ms (FindLiveObjects: 0.128375 ms CreateObjectMapping: 0.036209 ms MarkObjects: 1.130334 ms  DeleteObjects: 0.097667 ms)

AssetImportParameters requested are different than current active one (requested -> active):
  custom:graphics/normal-map-encoding: 01000000000000000000000000000000 -> 02000000000000000000000000000000
